<?xml version="1.0" encoding="UTF-8"?>
<!-- Generated by org.testng.reporters.JUnitReportReporter -->
<testsuite skipped="0" hostname="DESKTOP-JT39HJ6" name="testcases.SigninPageTest" tests="2" failures="0" timestamp="01 Apr 2022 14:41:19 GMT" time="19.612" errors="0">
  <testcase name="test1" time="14.380" classname="testcases.SigninPageTest"/>
  <testcase name="test1" time="5.232" classname="testcases.SigninPageTest"/>
</testsuite> <!-- testcases.SigninPageTest -->
