<?xml version="1.0" encoding="UTF-8"?>
<!-- Generated by org.testng.reporters.JUnitReportReporter -->
<testsuite skipped="0" hostname="DESKTOP-JT39HJ6" name="dataprovider.DataProvider" tests="1" failures="0" timestamp="31 Mar 2022 12:20:20 GMT" time="0.008" errors="0">
  <testcase name="test1" time="0.008" classname="dataprovider.DataProvider"/>
</testsuite> <!-- dataprovider.DataProvider -->
